<?xml version="1.0" encoding="UTF-8"?>
<!-- Generated by org.testng.reporters.JUnitReportReporter -->
<testsuite hostname="DT46489" failures="0" tests="1" name="com.santokart.options.TestNGTestRunner" time="0.055" errors="0" timestamp="2021-11-29T12:24:38 CST" skipped="0">
  <testcase classname="com.santokart.options.TestNGTestRunner" name="runScenario" time="0.055"/>
  <system-out/>
</testsuite> <!-- com.santokart.options.TestNGTestRunner -->
